2019-02-14 19:01:49,932 CRIT Supervisor is running as root.  Privileges were not dropped because no user is specified in the config file.  If you intend to run as root, you can set user=root in the config file to avoid this message.
2019-02-14 19:01:49,934 INFO supervisord started with pid 1
2019-02-14 19:01:50,939 INFO spawned: 'nginx' with pid 10
2019-02-14 19:01:50,943 INFO spawned: 'php-fpm' with pid 11
2019-02-14 19:01:52,010 INFO success: nginx entered RUNNING state, process has stayed up for > than 1 seconds (startsecs)
2019-02-14 19:01:52,011 INFO success: php-fpm entered RUNNING state, process has stayed up for > than 1 seconds (startsecs)
2019-02-14 19:01:57,821 WARN received SIGTERM indicating exit request
2019-02-14 19:01:57,821 INFO waiting for nginx, php-fpm to die
2019-02-14 19:01:57,833 INFO stopped: php-fpm (exit status 0)
2019-02-14 19:01:57,882 INFO stopped: nginx (exit status 0)
2019-02-14 19:02:06,072 CRIT Supervisor is running as root.  Privileges were not dropped because no user is specified in the config file.  If you intend to run as root, you can set user=root in the config file to avoid this message.
2019-02-14 19:02:06,074 INFO supervisord started with pid 1
2019-02-14 19:02:07,079 INFO spawned: 'nginx' with pid 10
2019-02-14 19:02:07,085 INFO spawned: 'php-fpm' with pid 11
2019-02-14 19:02:08,166 INFO success: nginx entered RUNNING state, process has stayed up for > than 1 seconds (startsecs)
2019-02-14 19:02:08,166 INFO success: php-fpm entered RUNNING state, process has stayed up for > than 1 seconds (startsecs)
2019-02-14 19:51:55,621 WARN received SIGTERM indicating exit request
2019-02-14 19:51:55,621 INFO waiting for nginx, php-fpm to die
2019-02-14 19:51:55,632 INFO stopped: php-fpm (exit status 0)
2019-02-14 19:51:55,672 INFO stopped: nginx (exit status 0)
2019-02-14 19:52:03,222 CRIT Supervisor is running as root.  Privileges were not dropped because no user is specified in the config file.  If you intend to run as root, you can set user=root in the config file to avoid this message.
2019-02-14 19:52:03,224 INFO supervisord started with pid 1
2019-02-14 19:52:04,228 INFO spawned: 'nginx' with pid 10
2019-02-14 19:52:04,233 INFO spawned: 'php-fpm' with pid 11
2019-02-14 19:52:05,299 INFO success: nginx entered RUNNING state, process has stayed up for > than 1 seconds (startsecs)
2019-02-14 19:52:05,300 INFO success: php-fpm entered RUNNING state, process has stayed up for > than 1 seconds (startsecs)
2019-02-14 19:52:19,955 WARN received SIGTERM indicating exit request
2019-02-14 19:52:19,955 INFO waiting for nginx, php-fpm to die
2019-02-14 19:52:19,961 INFO stopped: php-fpm (exit status 0)
2019-02-14 19:52:20,008 INFO stopped: nginx (exit status 0)
2019-02-14 19:53:17,727 CRIT Supervisor is running as root.  Privileges were not dropped because no user is specified in the config file.  If you intend to run as root, you can set user=root in the config file to avoid this message.
2019-02-14 19:53:17,728 INFO supervisord started with pid 1
2019-02-14 19:53:18,730 INFO spawned: 'nginx' with pid 10
2019-02-14 19:53:18,731 INFO spawned: 'php-fpm' with pid 11
2019-02-14 19:53:19,769 INFO success: nginx entered RUNNING state, process has stayed up for > than 1 seconds (startsecs)
2019-02-14 19:53:19,770 INFO success: php-fpm entered RUNNING state, process has stayed up for > than 1 seconds (startsecs)
2019-02-14 20:09:25,167 WARN received SIGTERM indicating exit request
2019-02-14 20:09:25,168 INFO waiting for nginx, php-fpm to die
2019-02-14 20:09:25,177 INFO stopped: php-fpm (exit status 0)
2019-02-14 20:09:25,230 INFO stopped: nginx (exit status 0)
2019-02-14 20:09:37,267 CRIT Supervisor is running as root.  Privileges were not dropped because no user is specified in the config file.  If you intend to run as root, you can set user=root in the config file to avoid this message.
2019-02-14 20:09:37,269 INFO supervisord started with pid 1
2019-02-14 20:09:38,272 INFO spawned: 'nginx' with pid 10
2019-02-14 20:09:38,276 INFO spawned: 'php-fpm' with pid 11
2019-02-14 20:09:39,336 INFO success: nginx entered RUNNING state, process has stayed up for > than 1 seconds (startsecs)
2019-02-14 20:09:39,337 INFO success: php-fpm entered RUNNING state, process has stayed up for > than 1 seconds (startsecs)
2019-02-14 20:16:36,366 WARN received SIGTERM indicating exit request
2019-02-14 20:16:36,366 INFO waiting for nginx, php-fpm to die
2019-02-14 20:16:36,374 INFO stopped: php-fpm (exit status 0)
2019-02-14 20:16:36,444 INFO stopped: nginx (exit status 0)
2019-02-14 20:16:37,795 CRIT Supervisor is running as root.  Privileges were not dropped because no user is specified in the config file.  If you intend to run as root, you can set user=root in the config file to avoid this message.
2019-02-14 20:16:37,796 INFO supervisord started with pid 1
2019-02-14 20:16:38,800 INFO spawned: 'nginx' with pid 10
2019-02-14 20:16:38,804 INFO spawned: 'php-fpm' with pid 11
2019-02-14 20:16:39,884 INFO success: nginx entered RUNNING state, process has stayed up for > than 1 seconds (startsecs)
2019-02-14 20:16:39,884 INFO success: php-fpm entered RUNNING state, process has stayed up for > than 1 seconds (startsecs)
2019-02-14 20:48:01,771 WARN received SIGTERM indicating exit request
2019-02-14 20:48:01,771 INFO waiting for nginx, php-fpm to die
2019-02-14 20:48:01,788 INFO stopped: php-fpm (exit status 0)
2019-02-14 20:48:01,822 INFO stopped: nginx (exit status 0)
2019-02-15 06:54:21,199 CRIT Supervisor is running as root.  Privileges were not dropped because no user is specified in the config file.  If you intend to run as root, you can set user=root in the config file to avoid this message.
2019-02-15 06:54:21,201 INFO supervisord started with pid 1
2019-02-15 06:54:22,206 INFO spawned: 'nginx' with pid 10
2019-02-15 06:54:22,210 INFO spawned: 'php-fpm' with pid 11
2019-02-15 06:54:23,416 INFO success: nginx entered RUNNING state, process has stayed up for > than 1 seconds (startsecs)
2019-02-15 06:54:23,417 INFO success: php-fpm entered RUNNING state, process has stayed up for > than 1 seconds (startsecs)
2019-02-18 20:15:39,927 WARN received SIGTERM indicating exit request
2019-02-18 20:15:39,928 INFO waiting for nginx, php-fpm to die
2019-02-18 20:15:39,952 INFO stopped: php-fpm (exit status 0)
2019-02-18 20:15:40,016 INFO stopped: nginx (exit status 0)
2019-02-18 20:18:04,545 CRIT Supervisor is running as root.  Privileges were not dropped because no user is specified in the config file.  If you intend to run as root, you can set user=root in the config file to avoid this message.
2019-02-18 20:18:04,548 INFO supervisord started with pid 1
2019-02-18 20:18:05,552 INFO spawned: 'nginx' with pid 10
2019-02-18 20:18:05,559 INFO spawned: 'php-fpm' with pid 11
2019-02-18 20:18:06,797 INFO success: nginx entered RUNNING state, process has stayed up for > than 1 seconds (startsecs)
2019-02-18 20:18:06,798 INFO success: php-fpm entered RUNNING state, process has stayed up for > than 1 seconds (startsecs)
2019-02-18 21:45:46,831 WARN received SIGTERM indicating exit request
2019-02-18 21:45:46,832 INFO waiting for nginx, php-fpm to die
2019-02-18 21:45:46,851 INFO stopped: php-fpm (exit status 0)
2019-02-18 21:45:46,893 INFO stopped: nginx (exit status 0)
2019-02-18 21:47:49,948 CRIT Supervisor is running as root.  Privileges were not dropped because no user is specified in the config file.  If you intend to run as root, you can set user=root in the config file to avoid this message.
2019-02-18 21:47:49,949 INFO supervisord started with pid 1
2019-02-18 21:47:50,955 INFO spawned: 'nginx' with pid 10
2019-02-18 21:47:50,963 INFO spawned: 'php-fpm' with pid 11
2019-02-18 21:47:52,121 INFO success: nginx entered RUNNING state, process has stayed up for > than 1 seconds (startsecs)
2019-02-18 21:47:52,121 INFO success: php-fpm entered RUNNING state, process has stayed up for > than 1 seconds (startsecs)
2019-02-18 21:47:53,356 WARN received SIGTERM indicating exit request
2019-02-18 21:47:53,356 INFO waiting for nginx, php-fpm to die
2019-02-18 21:47:53,363 INFO stopped: php-fpm (exit status 0)
2019-02-18 21:47:53,401 INFO stopped: nginx (exit status 0)
2019-02-18 21:47:59,761 CRIT Supervisor is running as root.  Privileges were not dropped because no user is specified in the config file.  If you intend to run as root, you can set user=root in the config file to avoid this message.
2019-02-18 21:47:59,763 INFO supervisord started with pid 1
2019-02-18 21:48:00,769 INFO spawned: 'nginx' with pid 10
2019-02-18 21:48:00,775 INFO spawned: 'php-fpm' with pid 11
2019-02-18 21:48:01,892 INFO success: nginx entered RUNNING state, process has stayed up for > than 1 seconds (startsecs)
2019-02-18 21:48:01,892 INFO success: php-fpm entered RUNNING state, process has stayed up for > than 1 seconds (startsecs)
